[0.016s] Invoking command in '/home/jesuschrist/projects/beepboop3000/ros2_ws/build/bb3': CMAKE_PREFIX_PATH=/opt/ros/foxy /usr/bin/cmake --build /home/jesuschrist/projects/beepboop3000/ros2_ws/build/bb3 -- -j8 -l8
[0.057s] [35m[1mScanning dependencies of target bb3[0m
[0.084s] [ 50%] [32mBuilding CXX object CMakeFiles/bb3.dir/src/main.cpp.o[0m
[0.103s] In file included from [01m[K/home/jesuschrist/projects/beepboop3000/ros2_ws/src/bb3/src/Motor.h:2[m[K,
[0.103s]                  from [01m[K/home/jesuschrist/projects/beepboop3000/ros2_ws/src/bb3/src/Vehicle.h:1[m[K,
[0.103s]                  from [01m[K/home/jesuschrist/projects/beepboop3000/ros2_ws/src/bb3/src/main.cpp:1[m[K:
[0.103s] [01m[K/home/jesuschrist/projects/beepboop3000/ros2_ws/src/bb3/src/lib/pigpio.h:4528:6:[m[K [01;35m[Kwarning: [m[K"/*" within comment [[01;35m[K-Wcomment[m[K]
[0.104s]  4528 | /home/* n
[0.104s]       |       
[0.104s] [01m[K/home/jesuschrist/projects/beepboop3000/ros2_ws/src/bb3/src/lib/pigpio.h:4529:22:[m[K [01;35m[Kwarning: [m[K"/*" within comment [[01;35m[K-Wcomment[m[K]
[0.104s]  4529 | /home/pi/shared/dir_1/* w
[0.104s]       |                       
[0.104s] [01m[K/home/jesuschrist/projects/beepboop3000/ros2_ws/src/bb3/src/lib/pigpio.h:4530:22:[m[K [01;35m[Kwarning: [m[K"/*" within comment [[01;35m[K-Wcomment[m[K]
[0.104s]  4530 | /home/pi/shared/dir_2/* r
[0.104s]       |                       
[0.104s] [01m[K/home/jesuschrist/projects/beepboop3000/ros2_ws/src/bb3/src/lib/pigpio.h:4531:22:[m[K [01;35m[Kwarning: [m[K"/*" within comment [[01;35m[K-Wcomment[m[K]
[0.104s]  4531 | /home/pi/shared/dir_3/* u
[0.104s]       |                       
[0.104s] [01m[K/home/jesuschrist/projects/beepboop3000/ros2_ws/src/bb3/src/lib/pigpio.h:4584:11:[m[K [01;35m[Kwarning: [m[K"/*" within comment [[01;35m[K-Wcomment[m[K]
[0.104s]  4584 |    // /ram/*.c r
[0.104s]       |            
[0.104s] [01m[K/home/jesuschrist/projects/beepboop3000/ros2_ws/src/bb3/src/lib/pigpio.h:4740:11:[m[K [01;35m[Kwarning: [m[K"/*" within comment [[01;35m[K-Wcomment[m[K]
[0.104s]  4740 |    // /ram/*.c r
[0.105s]       |            
[0.236s] In file included from [01m[K/home/jesuschrist/projects/beepboop3000/ros2_ws/src/bb3/src/Vehicle.h:1[m[K,
[0.236s]                  from [01m[K/home/jesuschrist/projects/beepboop3000/ros2_ws/src/bb3/src/main.cpp:1[m[K:
[0.236s] [01m[K/home/jesuschrist/projects/beepboop3000/ros2_ws/src/bb3/src/Motor.h:15:11:[m[K [01;31m[Kerror: [m[Kâ€˜[01m[Kfloat64[m[Kâ€™ has not been declared
[0.236s]    15 |  void set([01;31m[Kfloat64[m[K signal);
[0.237s]       |           [01;31m[K^~~~~~~[m[K
[1.246s] In file included from [01m[K/home/jesuschrist/projects/beepboop3000/ros2_ws/src/bb3/src/main.cpp:1[m[K:
[1.246s] [01m[K/home/jesuschrist/projects/beepboop3000/ros2_ws/src/bb3/src/Vehicle.h:17:2:[m[K [01;31m[Kerror: [m[Kâ€˜[01m[Krrclcpp[m[Kâ€™ does not name a type; did you mean â€˜[01m[Krclcpp[m[Kâ€™?
[1.246s]    17 |  [01;31m[Krrclcpp[m[K::Subscription<geometry_msgs::Twist>::SharedPtr subscription;
[1.246s]       |  [01;31m[K^~~~~~~[m[K
[1.246s]       |  [32m[Krclcpp[m[K
[1.248s] [01m[K/home/jesuschrist/projects/beepboop3000/ros2_ws/src/bb3/src/Vehicle.h:19:14:[m[K [01;31m[Kerror: [m[Kâ€˜[01m[Kmotor[m[Kâ€™ was not declared in this scope; did you mean â€˜[01m[KMotor[m[Kâ€™?
[1.248s]    19 |  std::vector<[01;31m[Kmotor[m[K> get_motors();
[1.248s]       |              [01;31m[K^~~~~[m[K
[1.248s]       |              [32m[KMotor[m[K
[1.248s] [01m[K/home/jesuschrist/projects/beepboop3000/ros2_ws/src/bb3/src/Vehicle.h:19:19:[m[K [01;31m[Kerror: [m[Ktemplate argument 1 is invalid
[1.248s]    19 |  std::vector<motor[01;31m[K>[m[K get_motors();
[1.248s]       |                   [01;31m[K^[m[K
[1.248s] [01m[K/home/jesuschrist/projects/beepboop3000/ros2_ws/src/bb3/src/Vehicle.h:19:19:[m[K [01;31m[Kerror: [m[Ktemplate argument 2 is invalid
[1.248s] [01m[K/home/jesuschrist/projects/beepboop3000/ros2_ws/src/bb3/src/Vehicle.h:26:21:[m[K [01;31m[Kerror: [m[Kexpected â€˜[01m[K)[m[Kâ€™ before â€˜[01m[Kname[m[Kâ€™
[1.248s]    26 |  Vehicle[34m[K([m[Kstd::stirng[01;31m[K [m[K[32m[Kname[m[K, motor left_top, motor left_bottom, motor right_top, motor right_bottom);
[1.248s]       |         [34m[K~[m[K           [01;31m[K^[m[K[32m[K~~~~[m[K
[1.249s]       |                     [32m[K)[m[K
[1.249s] [01m[K/home/jesuschrist/projects/beepboop3000/ros2_ws/src/bb3/src/Vehicle.h:40:2:[m[K [01;31m[Kerror: [m[Kexpected â€˜[01m[K;[m[Kâ€™ after class definition
[1.249s]    40 | }
[1.249s]       |  [01;31m[K^[m[K
[1.249s]       |  [32m[K;[m[K
[1.249s] [01m[K/home/jesuschrist/projects/beepboop3000/ros2_ws/src/bb3/src/Vehicle.h:[m[K In constructor â€˜[01m[KVehicle::Vehicle()[m[Kâ€™:
[1.249s] [01m[K/home/jesuschrist/projects/beepboop3000/ros2_ws/src/bb3/src/Vehicle.h:25:12:[m[K [01;31m[Kerror: [m[Kno matching function for call to â€˜[01m[Krclcpp::Node::Node()[m[Kâ€™
[1.249s]    25 |  Vehicle() [01;31m[K{[m[K}
[1.249s]       |            [01;31m[K^[m[K
[1.249s] In file included from [01m[K/opt/ros/foxy/include/rclcpp/executors/single_threaded_executor.hpp:28[m[K,
[1.249s]                  from [01m[K/opt/ros/foxy/include/rclcpp/executors.hpp:22[m[K,
[1.249s]                  from [01m[K/opt/ros/foxy/include/rclcpp/rclcpp.hpp:146[m[K,
[1.249s]                  from [01m[K/home/jesuschrist/projects/beepboop3000/ros2_ws/src/bb3/src/Vehicle.h:8[m[K,
[1.249s]                  from [01m[K/home/jesuschrist/projects/beepboop3000/ros2_ws/src/bb3/src/main.cpp:1[m[K:
[1.249s] [01m[K/opt/ros/foxy/include/rclcpp/node.hpp:1190:3:[m[K [01;36m[Knote: [m[Kcandidate: â€˜[01m[Krclcpp::Node::Node(const rclcpp::Node&, const string&)[m[Kâ€™
[1.249s]  1190 |   [01;36m[KNode[m[K(
[1.250s]       |   [01;36m[K^~~~[m[K
[1.250s] [01m[K/opt/ros/foxy/include/rclcpp/node.hpp:1190:3:[m[K [01;36m[Knote: [m[K  candidate expects 2 arguments, 0 provided
[1.250s] [01m[K/opt/ros/foxy/include/rclcpp/node.hpp:98:12:[m[K [01;36m[Knote: [m[Kcandidate: â€˜[01m[Krclcpp::Node::Node(const string&, const string&, const rclcpp::NodeOptions&)[m[Kâ€™
[1.250s]    98 |   explicit [01;36m[KNode[m[K(
[1.250s]       |            [01;36m[K^~~~[m[K
[1.250s] [01m[K/opt/ros/foxy/include/rclcpp/node.hpp:98:12:[m[K [01;36m[Knote: [m[K  candidate expects 3 arguments, 0 provided
[1.250s] [01m[K/opt/ros/foxy/include/rclcpp/node.hpp:86:12:[m[K [01;36m[Knote: [m[Kcandidate: â€˜[01m[Krclcpp::Node::Node(const string&, const rclcpp::NodeOptions&)[m[Kâ€™
[1.250s]    86 |   explicit [01;36m[KNode[m[K(
[1.250s]       |            [01;36m[K^~~~[m[K
[1.250s] [01m[K/opt/ros/foxy/include/rclcpp/node.hpp:86:12:[m[K [01;36m[Knote: [m[K  candidate expects 2 arguments, 0 provided
[1.250s] [01m[K/home/jesuschrist/projects/beepboop3000/ros2_ws/src/bb3/src/main.cpp:[m[K In function â€˜[01m[Kint main(int, char**)[m[Kâ€™:
[1.250s] [01m[K/home/jesuschrist/projects/beepboop3000/ros2_ws/src/bb3/src/main.cpp:25:13:[m[K [01;31m[Kerror: [m[Kâ€˜[01m[Kmotor[m[Kâ€™ was not declared in this scope; did you mean â€˜[01m[KMotor[m[Kâ€™?
[1.250s]    25 |             [01;31m[Kmotor[m[K(RIN1, RIN2, RENAA), motor(RIN4, RIN3, RENAB),
[1.251s]       |             [01;31m[K^~~~~[m[K
[1.251s]       |             [32m[KMotor[m[K
[1.579s] make[2]: *** [CMakeFiles/bb3.dir/build.make:63: CMakeFiles/bb3.dir/src/main.cpp.o] Error 1
[1.579s] make[1]: *** [CMakeFiles/Makefile2:78: CMakeFiles/bb3.dir/all] Error 2
[1.580s] make: *** [Makefile:141: all] Error 2
[1.582s] Invoked command in '/home/jesuschrist/projects/beepboop3000/ros2_ws/build/bb3' returned '2': CMAKE_PREFIX_PATH=/opt/ros/foxy /usr/bin/cmake --build /home/jesuschrist/projects/beepboop3000/ros2_ws/build/bb3 -- -j8 -l8
