[0.014s] Invoking command in '/home/jesuschrist/projects/beepboop3000/ros2_ws/build/bb3': /usr/bin/cmake --build /home/jesuschrist/projects/beepboop3000/ros2_ws/build/bb3 -- -j8 -l8
[0.055s] -- Found ament_cmake: 0.9.8 (/opt/ros/foxy/share/ament_cmake/cmake)
[0.076s] -- Using PYTHON_EXECUTABLE: /usr/bin/python3
[0.208s] Traceback (most recent call last):
[0.208s]   File "/opt/ros/foxy/share/ament_cmake_core/cmake/package_templates/templates_2_cmake.py", line 21, in <module>
[0.208s]     from ament_package.templates import get_environment_hook_template_path
[0.209s] ModuleNotFoundError: No module named 'ament_package'
[0.225s] CMake Error at /opt/ros/foxy/share/ament_cmake_core/cmake/ament_cmake_package_templates-extras.cmake:41 (message):
[0.225s]   execute_process(/usr/bin/python3
[0.226s]   /opt/ros/foxy/share/ament_cmake_core/cmake/package_templates/templates_2_cmake.py
[0.226s]   /home/jesuschrist/projects/beepboop3000/ros2_ws/build/bb3/ament_cmake_package_templates/templates.cmake)
[0.226s]   returned error code 1
[0.226s] Call Stack (most recent call first):
[0.226s]   /opt/ros/foxy/share/ament_cmake_core/cmake/ament_cmake_coreConfig.cmake:41 (include)
[0.226s]   /opt/ros/foxy/share/ament_cmake/cmake/ament_cmake_export_dependencies-extras.cmake:15 (find_package)
[0.226s]   /opt/ros/foxy/share/ament_cmake/cmake/ament_cmakeConfig.cmake:41 (include)
[0.227s]   CMakeLists.txt:14 (find_package)
[0.227s] 
[0.227s] 
[0.227s] -- Configuring incomplete, errors occurred!
[0.227s] See also "/home/jesuschrist/projects/beepboop3000/ros2_ws/build/bb3/CMakeFiles/CMakeOutput.log".
[0.227s] See also "/home/jesuschrist/projects/beepboop3000/ros2_ws/build/bb3/CMakeFiles/CMakeError.log".
[0.228s] make: *** [Makefile:266: cmake_check_build_system] Error 1
[0.229s] Invoked command in '/home/jesuschrist/projects/beepboop3000/ros2_ws/build/bb3' returned '2': /usr/bin/cmake --build /home/jesuschrist/projects/beepboop3000/ros2_ws/build/bb3 -- -j8 -l8
