[35m[1mScanning dependencies of target bb3[0m
[ 50%] [32mBuilding CXX object CMakeFiles/bb3.dir/src/main.cpp.o[0m
[100%] [32m[1mLinking CXX executable bb3[0m
/usr/bin/ld: CMakeFiles/bb3.dir/src/main.cpp.o: in function `main':
main.cpp:(.text+0x1b7): undefined reference to `pigpio_start'
/usr/bin/ld: CMakeFiles/bb3.dir/src/main.cpp.o: in function `Motor::Motor(int, int, int, int)':
main.cpp:(.text._ZN5MotorC2Eiiii[_ZN5MotorC5Eiiii]+0x54): undefined reference to `set_mode'
/usr/bin/ld: main.cpp:(.text._ZN5MotorC2Eiiii[_ZN5MotorC5Eiiii]+0x68): undefined reference to `set_mode'
/usr/bin/ld: main.cpp:(.text._ZN5MotorC2Eiiii[_ZN5MotorC5Eiiii]+0x7c): undefined reference to `set_mode'
/usr/bin/ld: CMakeFiles/bb3.dir/src/main.cpp.o: in function `Motor::set_off()':
main.cpp:(.text._ZN5Motor7set_offEv[_ZN5Motor7set_offEv]+0x29): undefined reference to `gpio_write'
/usr/bin/ld: main.cpp:(.text._ZN5Motor7set_offEv[_ZN5Motor7set_offEv]+0x46): undefined reference to `gpio_write'
/usr/bin/ld: main.cpp:(.text._ZN5Motor7set_offEv[_ZN5Motor7set_offEv]+0x63): undefined reference to `set_PWM_dutycycle'
/usr/bin/ld: CMakeFiles/bb3.dir/src/main.cpp.o: in function `Motor::set_high(int)':
main.cpp:(.text._ZN5Motor8set_highEi[_ZN5Motor8set_highEi]+0x2c): undefined reference to `gpio_write'
/usr/bin/ld: main.cpp:(.text._ZN5Motor8set_highEi[_ZN5Motor8set_highEi]+0x49): undefined reference to `gpio_write'
/usr/bin/ld: main.cpp:(.text._ZN5Motor8set_highEi[_ZN5Motor8set_highEi]+0x64): undefined reference to `set_PWM_dutycycle'
/usr/bin/ld: CMakeFiles/bb3.dir/src/main.cpp.o: in function `Motor::set_low(int)':
main.cpp:(.text._ZN5Motor7set_lowEi[_ZN5Motor7set_lowEi]+0x2c): undefined reference to `gpio_write'
/usr/bin/ld: main.cpp:(.text._ZN5Motor7set_lowEi[_ZN5Motor7set_lowEi]+0x49): undefined reference to `gpio_write'
/usr/bin/ld: main.cpp:(.text._ZN5Motor7set_lowEi[_ZN5Motor7set_lowEi]+0x64): undefined reference to `set_PWM_dutycycle'
collect2: error: ld returned 1 exit status
make[2]: *** [CMakeFiles/bb3.dir/build.make:136: bb3] Error 1
make[1]: *** [CMakeFiles/Makefile2:78: CMakeFiles/bb3.dir/all] Error 2
make: *** [Makefile:141: all] Error 2
