[0.016s] Invoking command in '/home/jesuschrist/projects/beepboop3000/build/bb3': CMAKE_PREFIX_PATH=/opt/ros/foxy /usr/bin/cmake --build /home/jesuschrist/projects/beepboop3000/build/bb3 -- -j8 -l8
[0.060s] [35m[1mScanning dependencies of target bb3[0m
[0.088s] [ 50%] [32mBuilding CXX object CMakeFiles/bb3.dir/src/main.cpp.o[0m
[0.370s] In file included from [01m[K/home/jesuschrist/projects/beepboop3000/ros2_ws/src/bb3/src/Vehicle.h:1[m[K,
[0.370s]                  from [01m[K/home/jesuschrist/projects/beepboop3000/ros2_ws/src/bb3/src/main.cpp:1[m[K:
[0.370s] [01m[K/home/jesuschrist/projects/beepboop3000/ros2_ws/src/bb3/src/Motor.h:[m[K In member function â€˜[01m[Kvoid Motor::set(float)[m[Kâ€™:
[0.370s] [01m[K/home/jesuschrist/projects/beepboop3000/ros2_ws/src/bb3/src/Motor.h:33:24:[m[K [01;31m[Kerror: [m[Kâ€˜[01m[Kfabs[m[Kâ€™ was not declared in this scope; did you mean â€˜[01m[Klabs[m[Kâ€™?
[0.370s]    33 |   int pwm = (int)round([01;31m[Kfabs[m[K(signal) * 255);
[0.370s]       |                        [01;31m[K^~~~[m[K
[0.371s]       |                        [32m[Klabs[m[K
[0.371s] [01m[K/home/jesuschrist/projects/beepboop3000/ros2_ws/src/bb3/src/Motor.h:33:18:[m[K [01;31m[Kerror: [m[Kâ€˜[01m[Kround[m[Kâ€™ was not declared in this scope
[0.371s]    33 |   int pwm = (int)[01;31m[Kround[m[K(fabs(signal) * 255);
[0.371s]       |                  [01;31m[K^~~~~[m[K
[1.614s] make[2]: *** [CMakeFiles/bb3.dir/build.make:63: CMakeFiles/bb3.dir/src/main.cpp.o] Error 1
[1.614s] make[1]: *** [CMakeFiles/Makefile2:78: CMakeFiles/bb3.dir/all] Error 2
[1.615s] make: *** [Makefile:141: all] Error 2
[1.617s] Invoked command in '/home/jesuschrist/projects/beepboop3000/build/bb3' returned '2': CMAKE_PREFIX_PATH=/opt/ros/foxy /usr/bin/cmake --build /home/jesuschrist/projects/beepboop3000/build/bb3 -- -j8 -l8
