In file included from [01m[K/home/jesuschrist/projects/beepboop3000/ros2_ws/src/bb3/src/Vehicle.h:1[m[K,
                 from [01m[K/home/jesuschrist/projects/beepboop3000/ros2_ws/src/bb3/src/main.cpp:1[m[K:
[01m[K/home/jesuschrist/projects/beepboop3000/ros2_ws/src/bb3/src/Motor.h:[m[K In constructor â€˜[01m[KMotor::Motor(int, int, int, int)[m[Kâ€™:
[01m[K/home/jesuschrist/projects/beepboop3000/ros2_ws/src/bb3/src/Motor.h:16:27:[m[K [01;31m[Kerror: [m[Kâ€˜[01m[KPI_OUTPUT[m[Kâ€™ was not declared in this scope
   16 |   set_mode(pi, gpio_high, [01;31m[KPI_OUTPUT[m[K);
      |                           [01;31m[K^~~~~~~~~[m[K
[01m[K/home/jesuschrist/projects/beepboop3000/ros2_ws/src/bb3/src/Motor.h:16:27:[m[K [01;36m[Knote: [m[Kthe macro â€˜[01m[KPI_OUTPUT[m[Kâ€™ had not yet been defined
In file included from [01m[K/usr/local/include/pigpiod_if2.h:31[m[K,
                 from [01m[K/home/jesuschrist/projects/beepboop3000/ros2_ws/src/bb3/src/main.cpp:2[m[K:
[01m[K/usr/local/include/pigpio.h:614:[m[K [01;36m[Knote: [m[Kit was later defined here
  614 | #define PI_OUTPUT 1
      | 
In file included from [01m[K/home/jesuschrist/projects/beepboop3000/ros2_ws/src/bb3/src/Vehicle.h:1[m[K,
                 from [01m[K/home/jesuschrist/projects/beepboop3000/ros2_ws/src/bb3/src/main.cpp:1[m[K:
[01m[K/home/jesuschrist/projects/beepboop3000/ros2_ws/src/bb3/src/Motor.h:16:3:[m[K [01;31m[Kerror: [m[Kâ€˜[01m[Kset_mode[m[Kâ€™ was not declared in this scope
   16 |   [01;31m[Kset_mode[m[K(pi, gpio_high, PI_OUTPUT);
      |   [01;31m[K^~~~~~~~[m[K
[01m[K/home/jesuschrist/projects/beepboop3000/ros2_ws/src/bb3/src/Motor.h:[m[K In member function â€˜[01m[Kvoid Motor::set_off()[m[Kâ€™:
[01m[K/home/jesuschrist/projects/beepboop3000/ros2_ws/src/bb3/src/Motor.h:29:3:[m[K [01;31m[Kerror: [m[Kâ€˜[01m[Kgpio_write[m[Kâ€™ was not declared in this scope
   29 |   [01;31m[Kgpio_write[m[K(pi, gpio_low, 0);
      |   [01;31m[K^~~~~~~~~~[m[K
[01m[K/home/jesuschrist/projects/beepboop3000/ros2_ws/src/bb3/src/Motor.h:31:3:[m[K [01;31m[Kerror: [m[Kâ€˜[01m[Kset_PWM_dutycycle[m[Kâ€™ was not declared in this scope
   31 |   [01;31m[Kset_PWM_dutycycle[m[K(pi, gpio_pwm, 0);
      |   [01;31m[K^~~~~~~~~~~~~~~~~[m[K
[01m[K/home/jesuschrist/projects/beepboop3000/ros2_ws/src/bb3/src/Motor.h:[m[K In member function â€˜[01m[Kvoid Motor::set_high(int)[m[Kâ€™:
[01m[K/home/jesuschrist/projects/beepboop3000/ros2_ws/src/bb3/src/Motor.h:44:3:[m[K [01;31m[Kerror: [m[Kâ€˜[01m[Kgpio_write[m[Kâ€™ was not declared in this scope
   44 |   [01;31m[Kgpio_write[m[K(pi, gpio_low, 0);
      |   [01;31m[K^~~~~~~~~~[m[K
[01m[K/home/jesuschrist/projects/beepboop3000/ros2_ws/src/bb3/src/Motor.h:46:3:[m[K [01;31m[Kerror: [m[Kâ€˜[01m[Kset_PWM_dutycycle[m[Kâ€™ was not declared in this scope
   46 |   [01;31m[Kset_PWM_dutycycle[m[K(pi, gpio_pwm, pwm);
      |   [01;31m[K^~~~~~~~~~~~~~~~~[m[K
[01m[K/home/jesuschrist/projects/beepboop3000/ros2_ws/src/bb3/src/Motor.h:[m[K In member function â€˜[01m[Kvoid Motor::set_low(int)[m[Kâ€™:
[01m[K/home/jesuschrist/projects/beepboop3000/ros2_ws/src/bb3/src/Motor.h:51:3:[m[K [01;31m[Kerror: [m[Kâ€˜[01m[Kgpio_write[m[Kâ€™ was not declared in this scope
   51 |   [01;31m[Kgpio_write[m[K(pi, gpio_low, 1);
      |   [01;31m[K^~~~~~~~~~[m[K
[01m[K/home/jesuschrist/projects/beepboop3000/ros2_ws/src/bb3/src/Motor.h:53:3:[m[K [01;31m[Kerror: [m[Kâ€˜[01m[Kset_PWM_dutycycle[m[Kâ€™ was not declared in this scope
   53 |   [01;31m[Kset_PWM_dutycycle[m[K(pi, gpio_pwm, pwm);
      |   [01;31m[K^~~~~~~~~~~~~~~~~[m[K
In file included from [01m[K/home/jesuschrist/projects/beepboop3000/ros2_ws/src/bb3/src/main.cpp:1[m[K:
[01m[K/home/jesuschrist/projects/beepboop3000/ros2_ws/src/bb3/src/Vehicle.h:[m[K In member function â€˜[01m[Kvoid Vehicle::voltage_test(float)[m[Kâ€™:
[01m[K/home/jesuschrist/projects/beepboop3000/ros2_ws/src/bb3/src/Vehicle.h:84:3:[m[K [01;31m[Kerror: [m[Kâ€˜[01m[Ktime_sleep[m[Kâ€™ was not declared in this scope; did you mean â€˜[01m[Ktimespec[m[Kâ€™?
   84 |   [01;31m[Ktime_sleep[m[K(duration);
      |   [01;31m[K^~~~~~~~~~[m[K
      |   [32m[Ktimespec[m[K
[01m[K/home/jesuschrist/projects/beepboop3000/ros2_ws/src/bb3/src/Vehicle.h:[m[K In member function â€˜[01m[Kvoid Vehicle::test()[m[Kâ€™:
[01m[K/home/jesuschrist/projects/beepboop3000/ros2_ws/src/bb3/src/Vehicle.h:93:4:[m[K [01;31m[Kerror: [m[Kâ€˜[01m[Ktime_sleep[m[Kâ€™ was not declared in this scope; did you mean â€˜[01m[Ktimespec[m[Kâ€™?
   93 |    [01;31m[Ktime_sleep[m[K(1.0);
      |    [01;31m[K^~~~~~~~~~[m[K
      |    [32m[Ktimespec[m[K
[01m[K/home/jesuschrist/projects/beepboop3000/ros2_ws/src/bb3/src/Vehicle.h:[m[K In member function â€˜[01m[Kvoid Vehicle::stop(float)[m[Kâ€™:
[01m[K/home/jesuschrist/projects/beepboop3000/ros2_ws/src/bb3/src/Vehicle.h:119:3:[m[K [01;31m[Kerror: [m[Kâ€˜[01m[Ktime_sleep[m[Kâ€™ was not declared in this scope; did you mean â€˜[01m[Ktimespec[m[Kâ€™?
  119 |   [01;31m[Ktime_sleep[m[K(delay);
      |   [01;31m[K^~~~~~~~~~[m[K
      |   [32m[Ktimespec[m[K
[01m[K/home/jesuschrist/projects/beepboop3000/ros2_ws/src/bb3/src/Vehicle.h:[m[K In member function â€˜[01m[Kvoid Vehicle::forward(int, float)[m[Kâ€™:
[01m[K/home/jesuschrist/projects/beepboop3000/ros2_ws/src/bb3/src/Vehicle.h:128:3:[m[K [01;31m[Kerror: [m[Kâ€˜[01m[Ktime_sleep[m[Kâ€™ was not declared in this scope; did you mean â€˜[01m[Ktimespec[m[Kâ€™?
  128 |   [01;31m[Ktime_sleep[m[K(delay);
      |   [01;31m[K^~~~~~~~~~[m[K
      |   [32m[Ktimespec[m[K
[01m[K/home/jesuschrist/projects/beepboop3000/ros2_ws/src/bb3/src/Vehicle.h:[m[K In member function â€˜[01m[Kvoid Vehicle::backward(int, float)[m[Kâ€™:
[01m[K/home/jesuschrist/projects/beepboop3000/ros2_ws/src/bb3/src/Vehicle.h:137:3:[m[K [01;31m[Kerror: [m[Kâ€˜[01m[Ktime_sleep[m[Kâ€™ was not declared in this scope; did you mean â€˜[01m[Ktimespec[m[Kâ€™?
  137 |   [01;31m[Ktime_sleep[m[K(delay);
      |   [01;31m[K^~~~~~~~~~[m[K
      |   [32m[Ktimespec[m[K
[01m[K/home/jesuschrist/projects/beepboop3000/ros2_ws/src/bb3/src/Vehicle.h:[m[K In member function â€˜[01m[Kvoid Vehicle::left(int, float)[m[Kâ€™:
[01m[K/home/jesuschrist/projects/beepboop3000/ros2_ws/src/bb3/src/Vehicle.h:146:3:[m[K [01;31m[Kerror: [m[Kâ€˜[01m[Ktime_sleep[m[Kâ€™ was not declared in this scope; did you mean â€˜[01m[Ktimespec[m[Kâ€™?
  146 |   [01;31m[Ktime_sleep[m[K(delay);
      |   [01;31m[K^~~~~~~~~~[m[K
      |   [32m[Ktimespec[m[K
[01m[K/home/jesuschrist/projects/beepboop3000/ros2_ws/src/bb3/src/Vehicle.h:[m[K In member function â€˜[01m[Kvoid Vehicle::right(int, float)[m[Kâ€™:
[01m[K/home/jesuschrist/projects/beepboop3000/ros2_ws/src/bb3/src/Vehicle.h:155:3:[m[K [01;31m[Kerror: [m[Kâ€˜[01m[Ktime_sleep[m[Kâ€™ was not declared in this scope; did you mean â€˜[01m[Ktimespec[m[Kâ€™?
  155 |   [01;31m[Ktime_sleep[m[K(delay);
      |   [01;31m[K^~~~~~~~~~[m[K
      |   [32m[Ktimespec[m[K
make[2]: *** [CMakeFiles/bb3.dir/build.make:63: CMakeFiles/bb3.dir/src/main.cpp.o] Error 1
make[1]: *** [CMakeFiles/Makefile2:78: CMakeFiles/bb3.dir/all] Error 2
make: *** [Makefile:141: all] Error 2
