In file included from [01m[K/home/jesuschrist/projects/beepboop3000/ros2_ws/src/bb3/src/main.cpp:1[m[K:
[01m[K/home/jesuschrist/projects/beepboop3000/ros2_ws/src/bb3/src/Vehicle.h:59:23:[m[K [01;31m[Kerror: [m[Kinvalid use of non-static data member â€˜[01m[KVehicle::name[m[Kâ€™
   59 |   : Node("vehicle-" + [01;31m[Kname[m[K), name(name),
      |                       [01;31m[K^~~~[m[K
[01m[K/home/jesuschrist/projects/beepboop3000/ros2_ws/src/bb3/src/Vehicle.h:16:14:[m[K [01;36m[Knote: [m[Kdeclared here
   16 |  std::string [01;36m[Kname[m[K;
      |              [01;36m[K^~~~[m[K
[01m[K/home/jesuschrist/projects/beepboop3000/ros2_ws/src/bb3/src/Vehicle.h:59:27:[m[K [01;31m[Kerror: [m[KISO C++ forbids declaration of â€˜[01m[Ktype name[m[Kâ€™ with no type [[01;31m[K-fpermissive[m[K]
   59 |   : Node("vehicle-" + name[01;31m[K)[m[K, name(name),
      |                           [01;31m[K^[m[K
[01m[K/home/jesuschrist/projects/beepboop3000/ros2_ws/src/bb3/src/Vehicle.h:59:35:[m[K [01;31m[Kerror: [m[Kâ€˜[01m[Kname[m[Kâ€™ is not a type
   59 |   : Node("vehicle-" + name), name([01;31m[Kname[m[K),
      |                                   [01;31m[K^~~~[m[K
[01m[K/home/jesuschrist/projects/beepboop3000/ros2_ws/src/bb3/src/Vehicle.h:59:39:[m[K [01;31m[Kerror: [m[KISO C++ forbids declaration of â€˜[01m[Kname[m[Kâ€™ with no type [[01;31m[K-fpermissive[m[K]
   59 |   : Node("vehicle-" + name), name(name[01;31m[K)[m[K,
      |                                       [01;31m[K^[m[K
[01m[K/home/jesuschrist/projects/beepboop3000/ros2_ws/src/bb3/src/Vehicle.h:59:40:[m[K [01;31m[Kerror: [m[Kâ€˜[01m[Kint Vehicle::name(int)[m[Kâ€™ conflicts with a previous declaration
   59 |   : Node("vehicle-" + name), name(name)[01;31m[K,[m[K
      |                                        [01;31m[K^[m[K
[01m[K/home/jesuschrist/projects/beepboop3000/ros2_ws/src/bb3/src/Vehicle.h:16:14:[m[K [01;36m[Knote: [m[Kprevious declaration â€˜[01m[Kstd::string Vehicle::name[m[Kâ€™
   16 |  std::string [01;36m[Kname[m[K;
      |              [01;36m[K^~~~[m[K
[01m[K/home/jesuschrist/projects/beepboop3000/ros2_ws/src/bb3/src/Vehicle.h:60:12:[m[K [01;31m[Kerror: [m[Kâ€˜[01m[Kleft_top[m[Kâ€™ is not a type
   60 |   left_top([01;31m[Kleft_top[m[K), left_bottom(left_bottom), right_top(right_top), right_bottom(right_bottom)
      |            [01;31m[K^~~~~~~~[m[K
[01m[K/home/jesuschrist/projects/beepboop3000/ros2_ws/src/bb3/src/Vehicle.h:60:20:[m[K [01;31m[Kerror: [m[KISO C++ forbids declaration of â€˜[01m[Kleft_top[m[Kâ€™ with no type [[01;31m[K-fpermissive[m[K]
   60 |   left_top(left_top[01;31m[K)[m[K, left_bottom(left_bottom), right_top(right_top), right_bottom(right_bottom)
      |                    [01;31m[K^[m[K
[01m[K/home/jesuschrist/projects/beepboop3000/ros2_ws/src/bb3/src/Vehicle.h:60:21:[m[K [01;31m[Kerror: [m[Kâ€˜[01m[Kint Vehicle::left_top(int)[m[Kâ€™ conflicts with a previous declaration
   60 |   left_top(left_top)[01;31m[K,[m[K left_bottom(left_bottom), right_top(right_top), right_bottom(right_bottom)
      |                     [01;31m[K^[m[K
[01m[K/home/jesuschrist/projects/beepboop3000/ros2_ws/src/bb3/src/Vehicle.h:17:8:[m[K [01;36m[Knote: [m[Kprevious declaration â€˜[01m[KMotor Vehicle::left_top[m[Kâ€™
   17 |  Motor [01;36m[Kleft_top[m[K, left_bottom, right_top, right_bottom;
      |        [01;36m[K^~~~~~~~[m[K
[01m[K/home/jesuschrist/projects/beepboop3000/ros2_ws/src/bb3/src/Vehicle.h:60:35:[m[K [01;31m[Kerror: [m[Kâ€˜[01m[Kleft_bottom[m[Kâ€™ is not a type
   60 |   left_top(left_top), left_bottom([01;31m[Kleft_bottom[m[K), right_top(right_top), right_bottom(right_bottom)
      |                                   [01;31m[K^~~~~~~~~~~[m[K
[01m[K/home/jesuschrist/projects/beepboop3000/ros2_ws/src/bb3/src/Vehicle.h:60:46:[m[K [01;31m[Kerror: [m[KISO C++ forbids declaration of â€˜[01m[Kleft_bottom[m[Kâ€™ with no type [[01;31m[K-fpermissive[m[K]
   60 |   left_top(left_top), left_bottom(left_bottom[01;31m[K)[m[K, right_top(right_top), right_bottom(right_bottom)
      |                                              [01;31m[K^[m[K
[01m[K/home/jesuschrist/projects/beepboop3000/ros2_ws/src/bb3/src/Vehicle.h:60:47:[m[K [01;31m[Kerror: [m[Kâ€˜[01m[Kint Vehicle::left_bottom(int)[m[Kâ€™ conflicts with a previous declaration
   60 |   left_top(left_top), left_bottom(left_bottom)[01;31m[K,[m[K right_top(right_top), right_bottom(right_bottom)
      |                                               [01;31m[K^[m[K
[01m[K/home/jesuschrist/projects/beepboop3000/ros2_ws/src/bb3/src/Vehicle.h:17:18:[m[K [01;36m[Knote: [m[Kprevious declaration â€˜[01m[KMotor Vehicle::left_bottom[m[Kâ€™
   17 |  Motor left_top, [01;36m[Kleft_bottom[m[K, right_top, right_bottom;
      |                  [01;36m[K^~~~~~~~~~~[m[K
[01m[K/home/jesuschrist/projects/beepboop3000/ros2_ws/src/bb3/src/Vehicle.h:60:59:[m[K [01;31m[Kerror: [m[Kâ€˜[01m[Kright_top[m[Kâ€™ is not a type
   60 |   left_top(left_top), left_bottom(left_bottom), right_top([01;31m[Kright_top[m[K), right_bottom(right_bottom)
      |                                                           [01;31m[K^~~~~~~~~[m[K
[01m[K/home/jesuschrist/projects/beepboop3000/ros2_ws/src/bb3/src/Vehicle.h:60:68:[m[K [01;31m[Kerror: [m[KISO C++ forbids declaration of â€˜[01m[Kright_top[m[Kâ€™ with no type [[01;31m[K-fpermissive[m[K]
   60 | left_top(left_top), left_bottom(left_bottom), right_top(right_top[01;31m[K)[m[K, right_bottom(right_bottom)
      |                                                                  [01;31m[K^[m[K

[01m[K/home/jesuschrist/projects/beepboop3000/ros2_ws/src/bb3/src/Vehicle.h:60:69:[m[K [01;31m[Kerror: [m[Kâ€˜[01m[Kint Vehicle::right_top(int)[m[Kâ€™ conflicts with a previous declaration
   60 | eft_top(left_top), left_bottom(left_bottom), right_top(right_top)[01;31m[K,[m[K right_bottom(right_bottom)
      |                                                                  [01;31m[K^[m[K

[01m[K/home/jesuschrist/projects/beepboop3000/ros2_ws/src/bb3/src/Vehicle.h:17:31:[m[K [01;36m[Knote: [m[Kprevious declaration â€˜[01m[KMotor Vehicle::right_top[m[Kâ€™
   17 |  Motor left_top, left_bottom, [01;36m[Kright_top[m[K, right_bottom;
      |                               [01;36m[K^~~~~~~~~[m[K
[01m[K/home/jesuschrist/projects/beepboop3000/ros2_ws/src/bb3/src/Vehicle.h:60:84:[m[K [01;31m[Kerror: [m[Kâ€˜[01m[Kright_bottom[m[Kâ€™ is not a type
   60 | ft_top), left_bottom(left_bottom), right_top(right_top), right_bottom([01;31m[Kright_bottom[m[K)
      |                                                                       [01;31m[K^~~~~~~~~~~~[m[K

[01m[K/home/jesuschrist/projects/beepboop3000/ros2_ws/src/bb3/src/Vehicle.h:60:96:[m[K [01;31m[Kerror: [m[KISO C++ forbids declaration of â€˜[01m[Kright_bottom[m[Kâ€™ with no type [[01;31m[K-fpermissive[m[K]
   60 | tom(left_bottom), right_top(right_top), right_bottom(right_bottom[01;31m[K)[m[K
      |                                                                  [01;31m[K^[m[K

[01m[K/home/jesuschrist/projects/beepboop3000/ros2_ws/src/bb3/src/Vehicle.h:71:2:[m[K [01;31m[Kerror: [m[Kâ€˜[01m[Kint Vehicle::right_bottom(int)[m[Kâ€™ conflicts with a previous declaration
   71 |  [01;31m[K}[m[K
      |  [01;31m[K^[m[K
[01m[K/home/jesuschrist/projects/beepboop3000/ros2_ws/src/bb3/src/Vehicle.h:17:42:[m[K [01;36m[Knote: [m[Kprevious declaration â€˜[01m[KMotor Vehicle::right_bottom[m[Kâ€™
   17 |  Motor left_top, left_bottom, right_top, [01;36m[Kright_bottom[m[K;
      |                                          [01;36m[K^~~~~~~~~~~~[m[K
[01m[K/home/jesuschrist/projects/beepboop3000/ros2_ws/src/bb3/src/Vehicle.h:114:2:[m[K [01;31m[Kerror: [m[Kexpected unqualified-id before â€˜[01m[K{[m[Kâ€™ token
  114 |  [01;31m[K{[m[K
      |  [01;31m[K^[m[K
[01m[K/home/jesuschrist/projects/beepboop3000/ros2_ws/src/bb3/src/Vehicle.h:[m[K In member function â€˜[01m[Kvoid Vehicle::telemetry_callback()[m[Kâ€™:
[01m[K/home/jesuschrist/projects/beepboop3000/ros2_ws/src/bb3/src/Vehicle.h:28:13:[m[K [01;31m[Kerror: [m[Kâ€˜[01m[KFloat64[m[Kâ€™ is not a member of â€˜[01m[Kstd_msgs[m[Kâ€™
   28 |   std_msgs::[01;31m[KFloat64[m[K velocity = telemetry.linear.x;
      |             [01;31m[K^~~~~~~[m[K
[01m[K/home/jesuschrist/projects/beepboop3000/ros2_ws/src/bb3/src/Vehicle.h:29:13:[m[K [01;31m[Kerror: [m[Kâ€˜[01m[KFloat64[m[Kâ€™ is not a member of â€˜[01m[Kstd_msgs[m[Kâ€™
   29 |   std_msgs::[01;31m[KFloat64[m[K = telemetry.angular.z;
      |             [01;31m[K^~~~~~~[m[K
[01m[K/home/jesuschrist/projects/beepboop3000/ros2_ws/src/bb3/src/Vehicle.h:29:23:[m[K [01;31m[Kerror: [m[Kâ€˜[01m[Ktelemetry[m[Kâ€™ was not declared in this scope
   29 |   std_msgs::Float64 = [01;31m[Ktelemetry[m[K.angular.z;
      |                       [01;31m[K^~~~~~~~~[m[K
[01m[K/home/jesuschrist/projects/beepboop3000/ros2_ws/src/bb3/src/Vehicle.h:32:3:[m[K [01;31m[Kerror: [m[Kâ€˜[01m[Kvelocity[m[Kâ€™ was not declared in this scope
   32 |   [01;31m[Kvelocity[m[K = std::max(0.0, std::min(1.0, velocity));
      |   [01;31m[K^~~~~~~~[m[K
[01m[K/home/jesuschrist/projects/beepboop3000/ros2_ws/src/bb3/src/Vehicle.h:33:3:[m[K [01;31m[Kerror: [m[Kâ€˜[01m[Krotation[m[Kâ€™ was not declared in this scope
   33 |   [01;31m[Krotation[m[K = std::max(-1.0, std::min(1.0, rotation));
      |   [01;31m[K^~~~~~~~[m[K
[01m[K/home/jesuschrist/projects/beepboop3000/ros2_ws/src/bb3/src/Vehicle.h:[m[K In constructor â€˜[01m[KVehicle::Vehicle()[m[Kâ€™:
[01m[K/home/jesuschrist/projects/beepboop3000/ros2_ws/src/bb3/src/Vehicle.h:57:12:[m[K [01;31m[Kerror: [m[Kno matching function for call to â€˜[01m[Krclcpp::Node::Node()[m[Kâ€™
   57 |  Vehicle() [01;31m[K{[m[K}
      |            [01;31m[K^[m[K
In file included from [01m[K/opt/ros/foxy/include/rclcpp/executors/single_threaded_executor.hpp:28[m[K,
                 from [01m[K/opt/ros/foxy/include/rclcpp/executors.hpp:22[m[K,
                 from [01m[K/opt/ros/foxy/include/rclcpp/rclcpp.hpp:146[m[K,
                 from [01m[K/home/jesuschrist/projects/beepboop3000/ros2_ws/src/bb3/src/Vehicle.h:8[m[K,
                 from [01m[K/home/jesuschrist/projects/beepboop3000/ros2_ws/src/bb3/src/main.cpp:1[m[K:
[01m[K/opt/ros/foxy/include/rclcpp/node.hpp:1190:3:[m[K [01;36m[Knote: [m[Kcandidate: â€˜[01m[Krclcpp::Node::Node(const rclcpp::Node&, const string&)[m[Kâ€™
 1190 |   [01;36m[KNode[m[K(
      |   [01;36m[K^~~~[m[K
[01m[K/opt/ros/foxy/include/rclcpp/node.hpp:1190:3:[m[K [01;36m[Knote: [m[K  candidate expects 2 arguments, 0 provided
[01m[K/opt/ros/foxy/include/rclcpp/node.hpp:98:12:[m[K [01;36m[Knote: [m[Kcandidate: â€˜[01m[Krclcpp::Node::Node(const string&, const string&, const rclcpp::NodeOptions&)[m[Kâ€™
   98 |   explicit [01;36m[KNode[m[K(
      |            [01;36m[K^~~~[m[K
[01m[K/opt/ros/foxy/include/rclcpp/node.hpp:98:12:[m[K [01;36m[Knote: [m[K  candidate expects 3 arguments, 0 provided
[01m[K/opt/ros/foxy/include/rclcpp/node.hpp:86:12:[m[K [01;36m[Knote: [m[Kcandidate: â€˜[01m[Krclcpp::Node::Node(const string&, const rclcpp::NodeOptions&)[m[Kâ€™
   86 |   explicit [01;36m[KNode[m[K(
      |            [01;36m[K^~~~[m[K
[01m[K/opt/ros/foxy/include/rclcpp/node.hpp:86:12:[m[K [01;36m[Knote: [m[K  candidate expects 2 arguments, 0 provided
In file included from [01m[K/home/jesuschrist/projects/beepboop3000/ros2_ws/src/bb3/src/main.cpp:1[m[K:
[01m[K/home/jesuschrist/projects/beepboop3000/ros2_ws/src/bb3/src/Vehicle.h:[m[K In member function â€˜[01m[Kint Vehicle::right_bottom(int)[m[Kâ€™:
[01m[K/home/jesuschrist/projects/beepboop3000/ros2_ws/src/bb3/src/Vehicle.h:64:19:[m[K [01;31m[Kerror: [m[Kâ€˜[01m[KTwist[m[Kâ€™ is not a member of â€˜[01m[Kgeometry_msgs[m[Kâ€™; did you mean â€˜[01m[Kgeometry_msgs::msg::Twist[m[Kâ€™?
   64 |   <geometry_msgs::[01;31m[KTwist[m[K>(                     // message class
      |                   [01;31m[K^~~~~[m[K
In file included from [01m[K/opt/ros/foxy/include/geometry_msgs/msg/twist.hpp:7[m[K,
                 from [01m[K/home/jesuschrist/projects/beepboop3000/ros2_ws/src/bb3/src/Motor.h:4[m[K,
                 from [01m[K/home/jesuschrist/projects/beepboop3000/ros2_ws/src/bb3/src/Vehicle.h:1[m[K,
                 from [01m[K/home/jesuschrist/projects/beepboop3000/ros2_ws/src/bb3/src/main.cpp:1[m[K:
[01m[K/opt/ros/foxy/include/geometry_msgs/msg/detail/twist__struct.hpp:133:7:[m[K [01;36m[Knote: [m[Kâ€˜[01m[Kgeometry_msgs::msg::Twist[m[Kâ€™ declared here
  133 | using [01;36m[KTwist[m[K =
      |       [01;36m[K^~~~~[m[K
In file included from [01m[K/home/jesuschrist/projects/beepboop3000/ros2_ws/src/bb3/src/main.cpp:1[m[K:
[01m[K/home/jesuschrist/projects/beepboop3000/ros2_ws/src/bb3/src/Vehicle.h:64:19:[m[K [01;31m[Kerror: [m[Kâ€˜[01m[KTwist[m[Kâ€™ is not a member of â€˜[01m[Kgeometry_msgs[m[Kâ€™; did you mean â€˜[01m[Kgeometry_msgs::msg::Twist[m[Kâ€™?
   64 |   <geometry_msgs::[01;31m[KTwist[m[K>(                     // message class
      |                   [01;31m[K^~~~~[m[K
In file included from [01m[K/opt/ros/foxy/include/geometry_msgs/msg/twist.hpp:7[m[K,
                 from [01m[K/home/jesuschrist/projects/beepboop3000/ros2_ws/src/bb3/src/Motor.h:4[m[K,
                 from [01m[K/home/jesuschrist/projects/beepboop3000/ros2_ws/src/bb3/src/Vehicle.h:1[m[K,
                 from [01m[K/home/jesuschrist/projects/beepboop3000/ros2_ws/src/bb3/src/main.cpp:1[m[K:
[01m[K/opt/ros/foxy/include/geometry_msgs/msg/detail/twist__struct.hpp:133:7:[m[K [01;36m[Knote: [m[Kâ€˜[01m[Kgeometry_msgs::msg::Twist[m[Kâ€™ declared here
  133 | using [01;36m[KTwist[m[K =
      |       [01;36m[K^~~~~[m[K
In file included from [01m[K/home/jesuschrist/projects/beepboop3000/ros2_ws/src/bb3/src/Vehicle.h:4[m[K,
                 from [01m[K/home/jesuschrist/projects/beepboop3000/ros2_ws/src/bb3/src/main.cpp:1[m[K:
/usr/include/c++/9/functional: In instantiation of â€˜[01m[Kstruct std::_Bind_check_arity<void (Vehicle::*)(), Vehicle*, const std::_Placeholder<1>&>[m[Kâ€™:
[01m[K/usr/include/c++/9/functional:787:12:[m[K   required from â€˜[01m[Kstruct std::_Bind_helper<false, void (Vehicle::*)(), Vehicle*, const std::_Placeholder<1>&>[m[Kâ€™
[01m[K/usr/include/c++/9/functional:808:5:[m[K   required by substitution of â€˜[01m[Ktemplate<class _Func, class ... _BoundArgs> typename std::_Bind_helper<std::__is_socketlike<_Func>::value, _Func, _BoundArgs ...>::type std::bind(_Func&&, _BoundArgs&& ...) [with _Func = void (Vehicle::*)(); _BoundArgs = {Vehicle*, const std::_Placeholder<1>&}][m[Kâ€™
[01m[K/home/jesuschrist/projects/beepboop3000/ros2_ws/src/bb3/src/Vehicle.h:69:25:[m[K   required from here
[01m[K/usr/include/c++/9/functional:775:7:[m[K [01;31m[Kerror: [m[Kstatic assertion failed: Wrong number of arguments for pointer-to-member
  774 |       static_assert(_Varargs::[01;31m[Kvalue[m[K
      |                               [01;31m[K~~~~~[m[K
  775 | [01;31m[K      ? sizeof...(_BoundArgs) >= _Arity::value + 1[m[K
      |       [01;31m[K^~~~~~~~~~~~~~~~~~~~~~~~~~~~~~~~~~~~~~~~~~~~[m[K
  776 | [01;31m[K      : sizeof...(_BoundArgs) == _Arity::value + 1[m[K,
      |       [01;31m[K~~~~~~~~~~~~~~~~~~~~~~~~~~~~~~~~~~~~~~~~~~~~[m[K
In file included from [01m[K/home/jesuschrist/projects/beepboop3000/ros2_ws/src/bb3/src/main.cpp:1[m[K:
[01m[K/home/jesuschrist/projects/beepboop3000/ros2_ws/src/bb3/src/Vehicle.h:69:26:[m[K [01;31m[Kerror: [m[Kno matching function for call to â€˜[01m[KVehicle::create_subscription<<expression error> >(std::__cxx11::basic_string<char>, int, std::_Bind_helper<false, void (Vehicle::*)(), Vehicle*, const std::_Placeholder<1>&>::type)[m[Kâ€™
   69 |    std::placeholders::_1)[01;31m[K)[m[K;                // ??
      |                          [01;31m[K^[m[K
In file included from [01m[K/opt/ros/foxy/include/rclcpp/executors/single_threaded_executor.hpp:28[m[K,
                 from [01m[K/opt/ros/foxy/include/rclcpp/executors.hpp:22[m[K,
                 from [01m[K/opt/ros/foxy/include/rclcpp/rclcpp.hpp:146[m[K,
                 from [01m[K/home/jesuschrist/projects/beepboop3000/ros2_ws/src/bb3/src/Vehicle.h:8[m[K,
                 from [01m[K/home/jesuschrist/projects/beepboop3000/ros2_ws/src/bb3/src/main.cpp:1[m[K:
[01m[K/opt/ros/foxy/include/rclcpp/node.hpp:213:3:[m[K [01;36m[Knote: [m[Kcandidate: â€˜[01m[Ktemplate<class MessageT, class CallbackT, class AllocatorT, class CallbackMessageT, class SubscriptionT, class MessageMemoryStrategyT> std::shared_ptr<SubscriptionT> rclcpp::Node::create_subscription(const string&, const rclcpp::QoS&, CallbackT&&, const rclcpp::SubscriptionOptionsWithAllocator<AllocatorT>&, typename MessageMemoryStrategyT::SharedPtr)[m[Kâ€™
  213 |   [01;36m[Kcreate_subscription[m[K(
      |   [01;36m[K^~~~~~~~~~~~~~~~~~~[m[K
[01m[K/opt/ros/foxy/include/rclcpp/node.hpp:213:3:[m[K [01;36m[Knote: [m[K  template argument deduction/substitution failed:
In file included from [01m[K/home/jesuschrist/projects/beepboop3000/ros2_ws/src/bb3/src/main.cpp:1[m[K:
[01m[K/home/jesuschrist/projects/beepboop3000/ros2_ws/src/bb3/src/Vehicle.h:69:26:[m[K [01;31m[Kerror: [m[Ktemplate argument 1 is invalid
   69 |    std::placeholders::_1)[01;31m[K)[m[K;                // ??
      |                          [01;31m[K^[m[K
[01m[K/home/jesuschrist/projects/beepboop3000/ros2_ws/src/bb3/src/Vehicle.h:70:3:[m[K [01;31m[Kerror: [m[Kexpected primary-expression before â€˜[01m[K)[m[Kâ€™ token
   70 |   [01;31m[K)[m[K
      |   [01;31m[K^[m[K
[01m[K/home/jesuschrist/projects/beepboop3000/ros2_ws/src/bb3/src/Vehicle.h:71:2:[m[K [01;35m[Kwarning: [m[Kno return statement in function returning non-void [[01;35m[K-Wreturn-type[m[K]
   71 |  [01;35m[K}[m[K
      |  [01;35m[K^[m[K
[01m[K/home/jesuschrist/projects/beepboop3000/ros2_ws/src/bb3/src/Vehicle.h:[m[K In member function â€˜[01m[Kvoid Vehicle::test()[m[Kâ€™:
[01m[K/home/jesuschrist/projects/beepboop3000/ros2_ws/src/bb3/src/Vehicle.h:87:15:[m[K [01;31m[Kerror: [m[Kâ€˜[01m[Kmotor[m[Kâ€™ was not declared in this scope; did you mean â€˜[01m[KMotor[m[Kâ€™?
   87 |   std::vector<[01;31m[Kmotor[m[K> motors = get_motors();
      |               [01;31m[K^~~~~[m[K
      |               [32m[KMotor[m[K
[01m[K/home/jesuschrist/projects/beepboop3000/ros2_ws/src/bb3/src/Vehicle.h:87:20:[m[K [01;31m[Kerror: [m[Ktemplate argument 1 is invalid
   87 |   std::vector<motor[01;31m[K>[m[K motors = get_motors();
      |                    [01;31m[K^[m[K
[01m[K/home/jesuschrist/projects/beepboop3000/ros2_ws/src/bb3/src/Vehicle.h:87:20:[m[K [01;31m[Kerror: [m[Ktemplate argument 2 is invalid
[01m[K/home/jesuschrist/projects/beepboop3000/ros2_ws/src/bb3/src/Vehicle.h:87:41:[m[K [01;31m[Kerror: [m[Kcannot convert â€˜[01m[Kstd::vector<Motor>[m[Kâ€™ to â€˜[01m[Kint[m[Kâ€™ in initialization
   87 |   std::vector<motor> motors = [01;31m[Kget_motors()[m[K;
      |                               [01;31m[K~~~~~~~~~~^~[m[K
      |                                         [01;31m[K|[m[K
      |                                         [01;31m[Kstd::vector<Motor>[m[K
[01m[K/home/jesuschrist/projects/beepboop3000/ros2_ws/src/bb3/src/Vehicle.h:88:13:[m[K [01;31m[Kerror: [m[Kexpected â€˜[01m[K;[m[Kâ€™ before â€˜[01m[Km[m[Kâ€™
   88 |   for (motor[01;31m[K [m[K[32m[Km[m[K : motors)
      |             [01;31m[K^[m[K[32m[K~[m[K
      |             [32m[K;[m[K
[01m[K/home/jesuschrist/projects/beepboop3000/ros2_ws/src/bb3/src/Vehicle.h:103:2:[m[K [01;31m[Kerror: [m[Kexpected primary-expression before â€˜[01m[K}[m[Kâ€™ token
  103 |  [01;31m[K}[m[K
      |  [01;31m[K^[m[K
[01m[K/home/jesuschrist/projects/beepboop3000/ros2_ws/src/bb3/src/Vehicle.h:102:4:[m[K [01;31m[Kerror: [m[Kexpected â€˜[01m[K;[m[Kâ€™ before â€˜[01m[K}[m[Kâ€™ token
  102 |   }
      |    [01;31m[K^[m[K
      |    [32m[K;[m[K
  103 |  [32m[K}[m[K
      |  [32m[K~[m[K  
[01m[K/home/jesuschrist/projects/beepboop3000/ros2_ws/src/bb3/src/Vehicle.h:103:2:[m[K [01;31m[Kerror: [m[Kexpected primary-expression before â€˜[01m[K}[m[Kâ€™ token
  103 |  [01;31m[K}[m[K
      |  [01;31m[K^[m[K
[01m[K/home/jesuschrist/projects/beepboop3000/ros2_ws/src/bb3/src/Vehicle.h:102:4:[m[K [01;31m[Kerror: [m[Kexpected â€˜[01m[K)[m[Kâ€™ before â€˜[01m[K}[m[Kâ€™ token
  102 |   }
      |    [01;31m[K^[m[K
      |    [32m[K)[m[K
  103 |  [32m[K}[m[K
      |  [32m[K~[m[K  
[01m[K/home/jesuschrist/projects/beepboop3000/ros2_ws/src/bb3/src/Vehicle.h:88:7:[m[K [01;36m[Knote: [m[Kto match this â€˜[01m[K([m[Kâ€™
   88 |   for [01;36m[K([m[Kmotor m : motors)
      |       [01;36m[K^[m[K
[01m[K/home/jesuschrist/projects/beepboop3000/ros2_ws/src/bb3/src/Vehicle.h:103:2:[m[K [01;31m[Kerror: [m[Kexpected primary-expression before â€˜[01m[K}[m[Kâ€™ token
  103 |  [01;31m[K}[m[K
      |  [01;31m[K^[m[K
[01m[K/home/jesuschrist/projects/beepboop3000/ros2_ws/src/bb3/src/Vehicle.h:87:22:[m[K [01;35m[Kwarning: [m[Kunused variable â€˜[01m[Kmotors[m[Kâ€™ [[01;35m[K-Wunused-variable[m[K]
   87 |   std::vector<motor> [01;35m[Kmotors[m[K = get_motors();
      |                      [01;35m[K^~~~~~[m[K
make[2]: *** [CMakeFiles/bb3.dir/build.make:63: CMakeFiles/bb3.dir/src/main.cpp.o] Error 1
make[1]: *** [CMakeFiles/Makefile2:78: CMakeFiles/bb3.dir/all] Error 2
make: *** [Makefile:141: all] Error 2
