[0.015s] Invoking command in '/home/jesuschrist/projects/beepboop3000/ros2_ws/build/bb3': CMAKE_PREFIX_PATH=/opt/ros/foxy /usr/bin/cmake --build /home/jesuschrist/projects/beepboop3000/ros2_ws/build/bb3 -- -j8 -l8
[0.058s] [35m[1mScanning dependencies of target bb3[0m
[0.084s] [ 50%] [32mBuilding CXX object CMakeFiles/bb3.dir/src/main.cpp.o[0m
[0.103s] In file included from [01m[K/home/jesuschrist/projects/beepboop3000/ros2_ws/src/bb3/src/Motor.h:2[m[K,
[0.103s]                  from [01m[K/home/jesuschrist/projects/beepboop3000/ros2_ws/src/bb3/src/Vehicle.h:1[m[K,
[0.103s]                  from [01m[K/home/jesuschrist/projects/beepboop3000/ros2_ws/src/bb3/src/main.cpp:1[m[K:
[0.103s] [01m[K/home/jesuschrist/projects/beepboop3000/ros2_ws/src/bb3/src/lib/pigpio.h:4528:6:[m[K [01;35m[Kwarning: [m[K"/*" within comment [[01;35m[K-Wcomment[m[K]
[0.103s]  4528 | /home/* n
[0.104s]       |       
[0.104s] [01m[K/home/jesuschrist/projects/beepboop3000/ros2_ws/src/bb3/src/lib/pigpio.h:4529:22:[m[K [01;35m[Kwarning: [m[K"/*" within comment [[01;35m[K-Wcomment[m[K]
[0.104s]  4529 | /home/pi/shared/dir_1/* w
[0.104s]       |                       
[0.104s] [01m[K/home/jesuschrist/projects/beepboop3000/ros2_ws/src/bb3/src/lib/pigpio.h:4530:22:[m[K [01;35m[Kwarning: [m[K"/*" within comment [[01;35m[K-Wcomment[m[K]
[0.104s]  4530 | /home/pi/shared/dir_2/* r
[0.104s]       |                       
[0.104s] [01m[K/home/jesuschrist/projects/beepboop3000/ros2_ws/src/bb3/src/lib/pigpio.h:4531:22:[m[K [01;35m[Kwarning: [m[K"/*" within comment [[01;35m[K-Wcomment[m[K]
[0.104s]  4531 | /home/pi/shared/dir_3/* u
[0.104s]       |                       
[0.104s] [01m[K/home/jesuschrist/projects/beepboop3000/ros2_ws/src/bb3/src/lib/pigpio.h:4584:11:[m[K [01;35m[Kwarning: [m[K"/*" within comment [[01;35m[K-Wcomment[m[K]
[0.104s]  4584 |    // /ram/*.c r
[0.104s]       |            
[0.104s] [01m[K/home/jesuschrist/projects/beepboop3000/ros2_ws/src/bb3/src/lib/pigpio.h:4740:11:[m[K [01;35m[Kwarning: [m[K"/*" within comment [[01;35m[K-Wcomment[m[K]
[0.104s]  4740 |    // /ram/*.c r
[0.104s]       |            
[0.235s] In file included from [01m[K/home/jesuschrist/projects/beepboop3000/ros2_ws/src/bb3/src/Vehicle.h:1[m[K,
[0.235s]                  from [01m[K/home/jesuschrist/projects/beepboop3000/ros2_ws/src/bb3/src/main.cpp:1[m[K:
[0.235s] [01m[K/home/jesuschrist/projects/beepboop3000/ros2_ws/src/bb3/src/Motor.h:15:11:[m[K [01;31m[Kerror: [m[Kâ€˜[01m[Kfloat64[m[Kâ€™ has not been declared
[0.235s]    15 |  void set([01;31m[Kfloat64[m[K signal);
[0.235s]       |           [01;31m[K^~~~~~~[m[K
[1.228s] In file included from [01m[K/home/jesuschrist/projects/beepboop3000/ros2_ws/src/bb3/src/main.cpp:1[m[K:
[1.228s] [01m[K/home/jesuschrist/projects/beepboop3000/ros2_ws/src/bb3/src/Vehicle.h:17:23:[m[K [01;31m[Kerror: [m[Kâ€˜[01m[Kgeometry_msgs[m[Kâ€™ was not declared in this scope
[1.228s]    17 |  rclcpp::Subscription<[01;31m[Kgeometry_msgs[m[K::Twist>::SharedPtr subscription;
[1.228s]       |                       [01;31m[K^~~~~~~~~~~~~[m[K
[1.228s] [01m[K/home/jesuschrist/projects/beepboop3000/ros2_ws/src/bb3/src/Vehicle.h:17:43:[m[K [01;31m[Kerror: [m[Ktemplate argument 1 is invalid
[1.228s]    17 |  rclcpp::Subscription<geometry_msgs::Twist[01;31m[K>[m[K::SharedPtr subscription;
[1.228s]       |                                           [01;31m[K^[m[K
[1.228s] [01m[K/home/jesuschrist/projects/beepboop3000/ros2_ws/src/bb3/src/Vehicle.h:17:43:[m[K [01;31m[Kerror: [m[Ktemplate argument 3 is invalid
[1.229s] [01m[K/home/jesuschrist/projects/beepboop3000/ros2_ws/src/bb3/src/Vehicle.h:17:46:[m[K [01;31m[Kerror: [m[Kexpected â€˜[01m[K;[m[Kâ€™ at end of member declaration
[1.229s]    17 |  rclcpp::Subscription<geometry_msgs::Twist>::[01;31m[KSharedPtr[m[K subscription;
[1.229s]       |                                              [01;31m[K^~~~~~~~~[m[K
[1.229s]       |                                                       [32m[K;[m[K
[1.231s] [01m[K/home/jesuschrist/projects/beepboop3000/ros2_ws/src/bb3/src/Vehicle.h:17:56:[m[K [01;31m[Kerror: [m[Kâ€˜[01m[Ksubscription[m[Kâ€™ does not name a type; did you mean â€˜[01m[Krcl_subscription_t[m[Kâ€™?
[1.231s]    17 |  rclcpp::Subscription<geometry_msgs::Twist>::SharedPtr [01;31m[Ksubscription[m[K;
[1.231s]       |                                                        [01;31m[K^~~~~~~~~~~~[m[K
[1.231s]       |                                                        [32m[Krcl_subscription_t[m[K
[1.233s] [01m[K/home/jesuschrist/projects/beepboop3000/ros2_ws/src/bb3/src/Vehicle.h:19:14:[m[K [01;31m[Kerror: [m[Kâ€˜[01m[Kmotor[m[Kâ€™ was not declared in this scope; did you mean â€˜[01m[KMotor[m[Kâ€™?
[1.233s]    19 |  std::vector<[01;31m[Kmotor[m[K> get_motors();
[1.233s]       |              [01;31m[K^~~~~[m[K
[1.233s]       |              [32m[KMotor[m[K
[1.233s] [01m[K/home/jesuschrist/projects/beepboop3000/ros2_ws/src/bb3/src/Vehicle.h:19:19:[m[K [01;31m[Kerror: [m[Ktemplate argument 1 is invalid
[1.233s]    19 |  std::vector<motor[01;31m[K>[m[K get_motors();
[1.234s]       |                   [01;31m[K^[m[K
[1.234s] [01m[K/home/jesuschrist/projects/beepboop3000/ros2_ws/src/bb3/src/Vehicle.h:19:19:[m[K [01;31m[Kerror: [m[Ktemplate argument 2 is invalid
[1.234s] [01m[K/home/jesuschrist/projects/beepboop3000/ros2_ws/src/bb3/src/Vehicle.h:26:21:[m[K [01;31m[Kerror: [m[Kexpected â€˜[01m[K)[m[Kâ€™ before â€˜[01m[Kname[m[Kâ€™
[1.234s]    26 |  Vehicle[34m[K([m[Kstd::stirng[01;31m[K [m[K[32m[Kname[m[K, Motor left_top, Motor left_bottom, Motor right_top, Motor right_bottom);
[1.234s]       |         [34m[K~[m[K           [01;31m[K^[m[K[32m[K~~~~[m[K
[1.234s]       |                     [32m[K)[m[K
[1.234s] [01m[K/home/jesuschrist/projects/beepboop3000/ros2_ws/src/bb3/src/Vehicle.h:40:2:[m[K [01;31m[Kerror: [m[Kexpected â€˜[01m[K;[m[Kâ€™ after class definition
[1.234s]    40 | }
[1.234s]       |  [01;31m[K^[m[K
[1.234s]       |  [32m[K;[m[K
[1.234s] [01m[K/home/jesuschrist/projects/beepboop3000/ros2_ws/src/bb3/src/Vehicle.h:[m[K In constructor â€˜[01m[KVehicle::Vehicle()[m[Kâ€™:
[1.234s] [01m[K/home/jesuschrist/projects/beepboop3000/ros2_ws/src/bb3/src/Vehicle.h:25:12:[m[K [01;31m[Kerror: [m[Kno matching function for call to â€˜[01m[Krclcpp::Node::Node()[m[Kâ€™
[1.234s]    25 |  Vehicle() [01;31m[K{[m[K}
[1.234s]       |            [01;31m[K^[m[K
[1.234s] In file included from [01m[K/opt/ros/foxy/include/rclcpp/executors/single_threaded_executor.hpp:28[m[K,
[1.235s]                  from [01m[K/opt/ros/foxy/include/rclcpp/executors.hpp:22[m[K,
[1.235s]                  from [01m[K/opt/ros/foxy/include/rclcpp/rclcpp.hpp:146[m[K,
[1.235s]                  from [01m[K/home/jesuschrist/projects/beepboop3000/ros2_ws/src/bb3/src/Vehicle.h:8[m[K,
[1.235s]                  from [01m[K/home/jesuschrist/projects/beepboop3000/ros2_ws/src/bb3/src/main.cpp:1[m[K:
[1.235s] [01m[K/opt/ros/foxy/include/rclcpp/node.hpp:1190:3:[m[K [01;36m[Knote: [m[Kcandidate: â€˜[01m[Krclcpp::Node::Node(const rclcpp::Node&, const string&)[m[Kâ€™
[1.235s]  1190 |   [01;36m[KNode[m[K(
[1.235s]       |   [01;36m[K^~~~[m[K
[1.235s] [01m[K/opt/ros/foxy/include/rclcpp/node.hpp:1190:3:[m[K [01;36m[Knote: [m[K  candidate expects 2 arguments, 0 provided
[1.235s] [01m[K/opt/ros/foxy/include/rclcpp/node.hpp:98:12:[m[K [01;36m[Knote: [m[Kcandidate: â€˜[01m[Krclcpp::Node::Node(const string&, const string&, const rclcpp::NodeOptions&)[m[Kâ€™
[1.235s]    98 |   explicit [01;36m[KNode[m[K(
[1.235s]       |            [01;36m[K^~~~[m[K
[1.235s] [01m[K/opt/ros/foxy/include/rclcpp/node.hpp:98:12:[m[K [01;36m[Knote: [m[K  candidate expects 3 arguments, 0 provided
[1.235s] [01m[K/opt/ros/foxy/include/rclcpp/node.hpp:86:12:[m[K [01;36m[Knote: [m[Kcandidate: â€˜[01m[Krclcpp::Node::Node(const string&, const rclcpp::NodeOptions&)[m[Kâ€™
[1.235s]    86 |   explicit [01;36m[KNode[m[K(
[1.235s]       |            [01;36m[K^~~~[m[K
[1.236s] [01m[K/opt/ros/foxy/include/rclcpp/node.hpp:86:12:[m[K [01;36m[Knote: [m[K  candidate expects 2 arguments, 0 provided
[1.507s] In file included from [01m[K/usr/include/x86_64-linux-gnu/c++/9/bits/c++allocator.h:33[m[K,
[1.507s]                  from [01m[K/usr/include/c++/9/bits/allocator.h:46[m[K,
[1.507s]                  from [01m[K/usr/include/c++/9/vector:64[m[K,
[1.508s]                  from [01m[K/home/jesuschrist/projects/beepboop3000/ros2_ws/src/bb3/src/Motor.h:1[m[K,
[1.508s]                  from [01m[K/home/jesuschrist/projects/beepboop3000/ros2_ws/src/bb3/src/Vehicle.h:1[m[K,
[1.508s]                  from [01m[K/home/jesuschrist/projects/beepboop3000/ros2_ws/src/bb3/src/main.cpp:1[m[K:
[1.508s] /usr/include/c++/9/ext/new_allocator.h: In instantiation of â€˜[01m[Kvoid __gnu_cxx::new_allocator<_Tp>::construct(_Up*, _Args&& ...) [with _Up = Vehicle; _Args = {const char (&)[13], Motor, Motor, Motor, Motor}; _Tp = Vehicle][m[Kâ€™:
[1.508s] [01m[K/usr/include/c++/9/bits/alloc_traits.h:482:2:[m[K   required from â€˜[01m[Kstatic void std::allocator_traits<std::allocator<_Tp1> >::construct(std::allocator_traits<std::allocator<_Tp1> >::allocator_type&, _Up*, _Args&& ...) [with _Up = Vehicle; _Args = {const char (&)[13], Motor, Motor, Motor, Motor}; _Tp = Vehicle; std::allocator_traits<std::allocator<_Tp1> >::allocator_type = std::allocator<Vehicle>][m[Kâ€™
[1.508s] [01m[K/usr/include/c++/9/bits/shared_ptr_base.h:548:39:[m[K   required from â€˜[01m[Kstd::_Sp_counted_ptr_inplace<_Tp, _Alloc, _Lp>::_Sp_counted_ptr_inplace(_Alloc, _Args&& ...) [with _Args = {const char (&)[13], Motor, Motor, Motor, Motor}; _Tp = Vehicle; _Alloc = std::allocator<Vehicle>; __gnu_cxx::_Lock_policy _Lp = __gnu_cxx::_S_atomic][m[Kâ€™
[1.508s] [01m[K/usr/include/c++/9/bits/shared_ptr_base.h:679:16:[m[K   required from â€˜[01m[Kstd::__shared_count<_Lp>::__shared_count(_Tp*&, std::_Sp_alloc_shared_tag<_Alloc>, _Args&& ...) [with _Tp = Vehicle; _Alloc = std::allocator<Vehicle>; _Args = {const char (&)[13], Motor, Motor, Motor, Motor}; __gnu_cxx::_Lock_policy _Lp = __gnu_cxx::_S_atomic][m[Kâ€™
[1.508s] [01m[K/usr/include/c++/9/bits/shared_ptr_base.h:1344:71:[m[K   required from â€˜[01m[Kstd::__shared_ptr<_Tp, _Lp>::__shared_ptr(std::_Sp_alloc_shared_tag<_Tp>, _Args&& ...) [with _Alloc = std::allocator<Vehicle>; _Args = {const char (&)[13], Motor, Motor, Motor, Motor}; _Tp = Vehicle; __gnu_cxx::_Lock_policy _Lp = __gnu_cxx::_S_atomic][m[Kâ€™
[1.508s] [01m[K/usr/include/c++/9/bits/shared_ptr.h:359:59:[m[K   required from â€˜[01m[Kstd::shared_ptr<_Tp>::shared_ptr(std::_Sp_alloc_shared_tag<_Tp>, _Args&& ...) [with _Alloc = std::allocator<Vehicle>; _Args = {const char (&)[13], Motor, Motor, Motor, Motor}; _Tp = Vehicle][m[Kâ€™
[1.508s] [01m[K/usr/include/c++/9/bits/shared_ptr.h:701:14:[m[K   required from â€˜[01m[Kstd::shared_ptr<_Tp> std::allocate_shared(const _Alloc&, _Args&& ...) [with _Tp = Vehicle; _Alloc = std::allocator<Vehicle>; _Args = {const char (&)[13], Motor, Motor, Motor, Motor}][m[Kâ€™
[1.508s] [01m[K/usr/include/c++/9/bits/shared_ptr.h:717:39:[m[K   required from â€˜[01m[Kstd::shared_ptr<_Tp> std::make_shared(_Args&& ...) [with _Tp = Vehicle; _Args = {const char (&)[13], Motor, Motor, Motor, Motor}][m[Kâ€™
[1.508s] [01m[K/home/jesuschrist/projects/beepboop3000/ros2_ws/src/bb3/src/main.cpp:26:57:[m[K   required from here
[1.508s] [01m[K/usr/include/c++/9/ext/new_allocator.h:145:20:[m[K [01;31m[Kerror: [m[Kno matching function for call to â€˜[01m[KVehicle::Vehicle(const char [13], Motor, Motor, Motor, Motor)[m[Kâ€™
[1.509s]   145 |  noexcept(noexcept([01;31m[K::new((void *)__p)[m[K
[1.509s]       |                    [01;31m[K^~~~~~~~~~~~~~~~~~[m[K
[1.509s]   146 | [01;31m[K       _Up(std::forward<_Args>(__args)...)[m[K))
[1.509s]       |        [01;31m[K~~~~~~~~~~~~~~~~~~~~~~~~~~~~~~~~~~~[m[K
[1.509s] In file included from [01m[K/home/jesuschrist/projects/beepboop3000/ros2_ws/src/bb3/src/main.cpp:1[m[K:
[1.509s] [01m[K/home/jesuschrist/projects/beepboop3000/ros2_ws/src/bb3/src/Vehicle.h:25:2:[m[K [01;36m[Knote: [m[Kcandidate: â€˜[01m[KVehicle::Vehicle()[m[Kâ€™
[1.509s]    25 |  [01;36m[KVehicle[m[K() {}
[1.509s]       |  [01;36m[K^~~~~~~[m[K
[1.509s] [01m[K/home/jesuschrist/projects/beepboop3000/ros2_ws/src/bb3/src/Vehicle.h:25:2:[m[K [01;36m[Knote: [m[K  candidate expects 0 arguments, 5 provided
[1.565s] make[2]: *** [CMakeFiles/bb3.dir/build.make:63: CMakeFiles/bb3.dir/src/main.cpp.o] Error 1
[1.566s] make[1]: *** [CMakeFiles/Makefile2:78: CMakeFiles/bb3.dir/all] Error 2
[1.566s] make: *** [Makefile:141: all] Error 2
[1.568s] Invoked command in '/home/jesuschrist/projects/beepboop3000/ros2_ws/build/bb3' returned '2': CMAKE_PREFIX_PATH=/opt/ros/foxy /usr/bin/cmake --build /home/jesuschrist/projects/beepboop3000/ros2_ws/build/bb3 -- -j8 -l8
