[0.013s] Invoking command in '/home/jesuschrist/projects/beepboop3000/ros2_ws/build/bb3': CMAKE_PREFIX_PATH=/opt/ros/foxy /usr/bin/cmake --build /home/jesuschrist/projects/beepboop3000/ros2_ws/build/bb3 -- -j8 -l8
[0.054s] [35m[1mScanning dependencies of target bb3[0m
[0.080s] [ 50%] [32mBuilding CXX object CMakeFiles/bb3.dir/src/main.cpp.o[0m
[0.100s] In file included from [01m[K/home/jesuschrist/projects/beepboop3000/ros2_ws/src/bb3/src/Motor.h:2[m[K,
[0.100s]                  from [01m[K/home/jesuschrist/projects/beepboop3000/ros2_ws/src/bb3/src/Vehicle.h:1[m[K,
[0.100s]                  from [01m[K/home/jesuschrist/projects/beepboop3000/ros2_ws/src/bb3/src/main.cpp:1[m[K:
[0.100s] [01m[K/home/jesuschrist/projects/beepboop3000/ros2_ws/src/bb3/src/lib/pigpio.h:4528:6:[m[K [01;35m[Kwarning: [m[K"/*" within comment [[01;35m[K-Wcomment[m[K]
[0.100s]  4528 | /home/* n
[0.100s]       |       
[0.100s] [01m[K/home/jesuschrist/projects/beepboop3000/ros2_ws/src/bb3/src/lib/pigpio.h:4529:22:[m[K [01;35m[Kwarning: [m[K"/*" within comment [[01;35m[K-Wcomment[m[K]
[0.100s]  4529 | /home/pi/shared/dir_1/* w
[0.100s]       |                       
[0.100s] [01m[K/home/jesuschrist/projects/beepboop3000/ros2_ws/src/bb3/src/lib/pigpio.h:4530:22:[m[K [01;35m[Kwarning: [m[K"/*" within comment [[01;35m[K-Wcomment[m[K]
[0.100s]  4530 | /home/pi/shared/dir_2/* r
[0.100s]       |                       
[0.100s] [01m[K/home/jesuschrist/projects/beepboop3000/ros2_ws/src/bb3/src/lib/pigpio.h:4531:22:[m[K [01;35m[Kwarning: [m[K"/*" within comment [[01;35m[K-Wcomment[m[K]
[0.101s]  4531 | /home/pi/shared/dir_3/* u
[0.101s]       |                       
[0.101s] [01m[K/home/jesuschrist/projects/beepboop3000/ros2_ws/src/bb3/src/lib/pigpio.h:4584:11:[m[K [01;35m[Kwarning: [m[K"/*" within comment [[01;35m[K-Wcomment[m[K]
[0.101s]  4584 |    // /ram/*.c r
[0.101s]       |            
[0.101s] [01m[K/home/jesuschrist/projects/beepboop3000/ros2_ws/src/bb3/src/lib/pigpio.h:4740:11:[m[K [01;35m[Kwarning: [m[K"/*" within comment [[01;35m[K-Wcomment[m[K]
[0.101s]  4740 |    // /ram/*.c r
[0.101s]       |            
[0.344s] In file included from [01m[K/home/jesuschrist/projects/beepboop3000/ros2_ws/src/bb3/src/Vehicle.h:1[m[K,
[0.344s]                  from [01m[K/home/jesuschrist/projects/beepboop3000/ros2_ws/src/bb3/src/main.cpp:1[m[K:
[0.345s] [01m[K/home/jesuschrist/projects/beepboop3000/ros2_ws/src/bb3/src/Motor.h:16:11:[m[K [01;31m[Kerror: [m[Kâ€˜[01m[Kstd_msgs[m[Kâ€™ has not been declared
[0.345s]    16 |  void set([01;31m[Kstd_msgs[m[K::float64 signal);
[0.345s]       |           [01;31m[K^~~~~~~~[m[K
[0.345s] [01m[K/home/jesuschrist/projects/beepboop3000/ros2_ws/src/bb3/src/Motor.h:16:29:[m[K [01;31m[Kerror: [m[Kexpected â€˜[01m[K,[m[Kâ€™ or â€˜[01m[K...[m[Kâ€™ before â€˜[01m[Ksignal[m[Kâ€™
[0.345s]    16 |  void set(std_msgs::float64 [01;31m[Ksignal[m[K);
[0.345s]       |                             [01;31m[K^~~~~~[m[K
[1.557s] make[2]: *** [CMakeFiles/bb3.dir/build.make:63: CMakeFiles/bb3.dir/src/main.cpp.o] Error 1
[1.557s] make[1]: *** [CMakeFiles/Makefile2:78: CMakeFiles/bb3.dir/all] Error 2
[1.557s] make: *** [Makefile:141: all] Error 2
[1.561s] Invoked command in '/home/jesuschrist/projects/beepboop3000/ros2_ws/build/bb3' returned '2': CMAKE_PREFIX_PATH=/opt/ros/foxy /usr/bin/cmake --build /home/jesuschrist/projects/beepboop3000/ros2_ws/build/bb3 -- -j8 -l8
